    http://adamolacakminik.com osaom (Django on /) okuloncesi_blog (WordPress on /blog)
    http://derinakintilar.com http://www.derinakintilar.com dawp (WordPress on /)
    http://disticaret.mertnuhoglu.com http://forum.sosyaldunya.org http://ticariliman.com http://www.ticariliman.com http://test.mertnuhoglu.webfactional.com dj02 (Django on /) wpdt (WordPress on /disticaret)
    http://enerjihavzasi.com oseh (Django on /) wpeh (WordPress on /b)
    http://eticaretmagazasi.com http://www.eticaretmagazasi.com etwp (WordPress on /)
    http://www.hasretnuhoglu.com http://hasretnuhoglu.com wphn (WordPress on /)
    http://hikmetplatformu.org oshp (Django on /) wphp (WordPress on /b)
    http://blog.simitbagel.com http://mertnuhoglu.com http://www.mertnuhoglu.com wpmn (WordPress on /)
    http://magis.mertnuhoglu.com http://magis.com.tr http://www.magis.com.tr mmgs (WordPress on /)
    http://www.unifimpapercup.com http://unifim.com http://www.unifim.com http://unifim.mertnuhoglu.com http://unifimpapercup.com mun3 (WordPress on /deutsch) mun2 (WordPress on /turkce) munf (WordPress on /)
    This website has no domains attached.  okuloncesi_blog (WordPress on /blog)
    http://aep.mertnuhoglu.com paep (WordPress on /)
    http://bys.mertnuhoglu.com pbys (WordPress on /)
    http://dersler.derinakintilar.com pdad (WordPress on /)
    http://destek.mertnuhoglu.com pdst (WordPress on /)
    http://ibpf.mertnuhoglu.com pibp (WordPress on /)
    http://ifm.mertnuhoglu.com pifm (WordPress on /)
    http://info.mertnuhoglu.com pinf (WordPress on /)
    http://jts.mertnuhoglu.com pjts (WordPress on /)
    http://neselipanda.adamolacakminik.com pnpn (WordPress on /)
    http://otomotivkariyer.mertnuhoglu.com pokr (WordPress on /)
    http://ozgurunmaceralari.mertnuhoglu.com pomc (WordPress on /)
    http://ortak.mertnuhoglu.com port (WordPress on /)
    http://panda.adamolacakminik.com ppnd (WordPress on /)
    http://quozza.mertnuhoglu.com pqzz (WordPress on /)
    http://ekip.enerjihavzasi.com http://enerji.mertnuhoglu.com pyeh (WordPress on /)
    http://ekipler.sistemarilari.org saw3 (WordPress on /)
    http://gruplar.sistemarilari.org sawp (WordPress on /)
    http://projeler.sistemarilari.org saw2 (WordPress on /)
    http://sistemarilari.org http://www.sistemarilari.org wpsa (WordPress on /)
    http://test.burakpehlivan.org tbph (WordPress on /)
    http://tv.adamolacakminik.com tvwp (WordPress on /)
    http://test4.mertnuhoglu.com tmn4 (WordPress on /)
    http://test5.mertnuhoglu.com tmn5 (WordPress on /)
    http://test3.mertnuhoglu.com ttm3 (WordPress on /)
    http://turkukraynaforum.com ostufs (Static on /static) ostuf (Django on /) roxalana_blog (WordPress on /blog)
    http://uyumluyasam.com osuy (Django on /) sy_blog (WordPress on /b)
    This website has no domains attached.  wbcc (WordPress on /)
    http://burakpehlivan.org wpbp (WordPress on /)
    http://elifozan.com weoz (WordPress on /)
    http://eticaretsanati.com wets (WordPress on /)
    http://hilalorhan.com whor (WordPress on /)
    http://haber.sosyaldunya.org whsd (WordPress on /)
    http://isguvenligiuzmaniilanlari.com wigu (WordPress on /)
    http://imesteel.com wime (WordPress on /)
    http://ipektensepet.mertnuhoglu.com wisp (WordPress on /)
    http://kilovat.co wkvt (WordPress on /)
    http://akarsu.mertnuhoglu.com wmak (WordPress on /)
    http://blog.mertnuhoglu.com wmbl (WordPress on /)
    http://reflections.mertnuhoglu.com wmrf (WordPress on /)
    http://software.mertnuhoglu.com wmsw (WordPress on /)
    http://tefekkur.mertnuhoglu.com wmtf (WordPress on /)
    http://yazilim.mertnuhoglu.com wmyz (WordPress on /)
    http://net2ist.org http://net2ist.mertnuhoglu.com wn2i (WordPress on /)
    http://ozcandinc.com wozd (WordPress on /)
    http://cocuklaricininternet.com wpci (WordPress on /)
    http://test.bircallcenter.com http://bircallcenter.com wphd (WordPress on /)
    http://hid.mertnuhoglu.com wphd (WordPress on /)
    http://sistemikbakis.com wpsb (WordPress on /)
    http://trafikayisiyiz.biz http://www.trafikayisiyiz.biz wpta (WordPress on /)
    http://projeyonetimi.mertnuhoglu.com http://ekip.mertnuhoglu.com wpym (WordPress on /)
    http://pazarz2.magis.com.tr http://pazarz2.mertnuhoglu.com wpz2 (WordPress on /)
    http://pazarz.magis.com.tr http://pazarz.mertnuhoglu.com wpz3 (WordPress on /)
    http://sosyaldunya.org wsdn (WordPress on /)
    http://sofrahomemadefood.com wshf (WordPress on /)
    http://saygilimalimusavirlik.com wsmm (WordPress on /)
    http://steelprofile.co http://steel.mertnuhoglu.com wspr (WordPress on /)
    http://steel2.mertnuhoglu.com http://steelsheet.co wssh (WordPress on /)
    http://tadil.at wtdl (WordPress on /)
    http://test2.mertnuhoglu.com wtm2 (WordPress on /)
    http://test.mertnuhoglu.com wtmn (WordPress on /)
    http://toastmasters.mertnuhoglu.com wtms (WordPress on /)
    http://tinaztitiz.com http://tinaztitiz.mertnuhoglu.com wttt (WordPress on /)
    http://ustunzekaliokullari.com http://yetenekenstitusu.com wuzo (WordPress on /)
    http://velikaratas.com wvkr (WordPress on /)
    http://work4impact.com http://work4impact.org ww4i (WordPress on /)
    http://buyukanadolutipmerkezi.com zwba (WordPress on /)
    zwgg (WordPress on /)
